TN:
SF:script/CreateSendDistributionTranche.s.sol
FN:10,CreateSendDistributionTrancheScript.setUp
FNDA:0,CreateSendDistributionTrancheScript.setUp
DA:11,0
DA:11,0
FN:14,CreateSendDistributionTrancheScript.run
FNDA:0,CreateSendDistributionTrancheScript.run
DA:15,0
DA:15,0
DA:15,0
DA:16,0
DA:16,0
BRDA:16,0,0,-
BRDA:16,0,1,-
DA:17,0
DA:17,0
DA:18,0
DA:18,0
DA:18,0
DA:19,0
DA:19,0
DA:19,0
DA:20,0
DA:20,0
DA:22,0
DA:22,0
DA:23,0
DA:23,0
FNF:2
FNH:0
LF:9
LH:0
BRF:2
BRH:0
end_of_record
TN:
SF:script/DeploySendAccountFactory.s.sol
FN:11,DeploySendAccountFactoryScript.setUp
FNDA:0,DeploySendAccountFactoryScript.setUp
DA:12,0
DA:12,0
FN:15,DeploySendAccountFactoryScript.run
FNDA:1,DeploySendAccountFactoryScript.run
DA:16,1
DA:16,1
DA:16,1
DA:17,1
DA:17,1
DA:18,1
DA:18,1
DA:18,1
DA:19,1
DA:19,1
DA:19,1
DA:21,1
DA:21,1
DA:22,1
DA:22,1
DA:23,1
DA:23,1
DA:26,1
DA:26,1
DA:27,1
DA:27,1
DA:28,1
DA:28,1
DA:29,1
DA:29,1
FNF:2
FNH:1
LF:12
LH:11
BRF:0
BRH:0
end_of_record
TN:
SF:script/DeploySendMerkleDrop.s.sol
FN:11,DeploySendMerkleDropScript.setUp
FNDA:0,DeploySendMerkleDropScript.setUp
DA:12,0
DA:12,0
FN:15,DeploySendMerkleDropScript.run
FNDA:1,DeploySendMerkleDropScript.run
DA:16,1
DA:16,1
DA:16,1
DA:17,1
DA:17,1
DA:18,1
DA:18,1
DA:18,1
DA:20,1
DA:20,1
DA:21,1
DA:21,1
FNF:2
FNH:1
LF:6
LH:5
BRF:0
BRH:0
end_of_record
TN:
SF:script/DeploySendVerifier.s.sol
FN:10,DeploySendVerifierScript.setUp
FNDA:0,DeploySendVerifierScript.setUp
DA:11,0
DA:11,0
FN:14,DeploySendVerifierScript.run
FNDA:1,DeploySendVerifierScript.run
DA:15,1
DA:15,1
DA:18,1
DA:18,1
DA:18,1
DA:19,1
DA:19,1
DA:22,1
DA:22,1
DA:24,1
DA:24,1
DA:25,1
DA:25,1
DA:28,1
DA:28,1
DA:30,1
DA:30,1
FNF:2
FNH:1
LF:9
LH:8
BRF:0
BRH:0
end_of_record
TN:
SF:script/DeployTestOracle2.s.sol
FN:12,DeployTestOracle2Script.run
FNDA:0,DeployTestOracle2Script.run
DA:13,0
DA:13,0
DA:14,0
DA:14,0
DA:14,0
DA:16,0
DA:16,0
DA:23,0
DA:23,0
DA:29,0
DA:29,0
FNF:1
FNH:0
LF:5
LH:0
BRF:0
BRH:0
end_of_record
TN:
SF:script/DeployTestnetSendToken.s.sol
FN:10,DeployTestnetSendTokenScript.setUp
FNDA:0,DeployTestnetSendTokenScript.setUp
DA:11,0
DA:11,0
FN:14,DeployTestnetSendTokenScript.run
FNDA:0,DeployTestnetSendTokenScript.run
DA:15,0
DA:15,0
DA:16,0
DA:16,0
DA:16,0
DA:18,0
DA:18,0
DA:19,0
DA:19,0
FNF:2
FNH:0
LF:5
LH:0
BRF:0
BRH:0
end_of_record
TN:
SF:script/DeployTokenPaymaster.s.sol
FN:14,DeployTokenPaymasterScript.run
FNDA:0,DeployTokenPaymasterScript.run
DA:15,0
DA:15,0
DA:15,0
DA:17,0
DA:17,0
DA:17,0
DA:18,0
DA:18,0
DA:19,0
DA:19,0
DA:19,0
DA:20,0
DA:20,0
DA:20,0
DA:21,0
DA:21,0
DA:21,0
DA:22,0
DA:22,0
DA:22,0
DA:24,0
DA:24,0
BRDA:24,0,0,-
BRDA:24,0,1,-
DA:25,0
DA:25,0
BRDA:25,1,0,-
BRDA:25,1,1,-
DA:26,0
DA:26,0
BRDA:26,2,0,-
BRDA:26,2,1,-
DA:27,0
DA:27,0
BRDA:27,3,0,-
BRDA:27,3,1,-
DA:28,0
DA:28,0
BRDA:28,4,0,-
BRDA:28,4,1,-
DA:30,0
DA:30,0
DA:30,0
DA:37,0
DA:37,0
DA:37,0
DA:42,0
DA:42,0
DA:42,0
DA:53,0
DA:53,0
DA:53,0
DA:54,0
DA:54,0
DA:56,0
DA:56,0
DA:56,0
DA:69,0
DA:69,0
DA:71,0
DA:71,0
DA:72,0
DA:72,0
DA:73,0
DA:73,0
FNF:1
FNH:0
LF:22
LH:0
BRF:10
BRH:0
end_of_record
TN:
SF:src/Helper.sol
FN:40,Helper.labels
FNDA:0,Helper.labels
DA:41,0
DA:41,0
DA:42,0
DA:42,0
DA:43,0
DA:43,0
DA:44,0
DA:44,0
DA:45,0
DA:45,0
DA:46,0
DA:46,0
FNF:1
FNH:0
LF:6
LH:0
BRF:0
BRH:0
end_of_record
TN:
SF:src/SendAccount.sol
FN:80,SendAccount.initialize
FNDA:8,SendAccount.initialize
DA:81,8
DA:81,8
DA:82,8
DA:82,8
DA:84,8
DA:84,8
DA:84,8
DA:84,0
DA:85,0
DA:85,0
DA:88,8
DA:88,8
DA:89,8
DA:89,8
FN:93,SendAccount.executeBatch
FNDA:0,SendAccount.executeBatch
DA:94,0
DA:94,0
DA:94,0
DA:94,0
DA:95,0
DA:95,0
FN:100,SendAccount.validateUserOp
FNDA:4,SendAccount.validateUserOp
DA:109,4
DA:109,4
DA:110,4
DA:110,4
FN:115,SendAccount.signatureStruct
FNDA:0,SendAccount.signatureStruct
FN:121,SendAccount._validateSignature
FNDA:8,SendAccount._validateSignature
DA:122,8
DA:122,8
BRDA:122,0,0,-
BRDA:122,0,1,8
DA:122,0
DA:125,8
DA:125,8
DA:125,8
DA:128,8
DA:128,8
DA:128,8
DA:129,8
DA:129,8
DA:129,8
DA:131,8
DA:131,8
DA:131,8
FN:136,SendAccount.isValidSignature
FNDA:4,SendAccount.isValidSignature
DA:142,4
DA:142,4
BRDA:142,1,0,2
BRDA:142,1,1,2
DA:143,2
DA:143,2
DA:145,2
DA:145,2
FN:149,SendAccount._validateUseropSignature
FNDA:4,SendAccount._validateUseropSignature
DA:168,4
DA:168,4
DA:169,4
DA:169,4
DA:170,4
DA:170,4
DA:172,4
DA:172,4
DA:173,4
DA:173,4
BRDA:173,2,0,-
BRDA:173,2,1,4
DA:173,0
DA:175,4
DA:175,4
DA:175,4
DA:176,4
DA:176,4
BRDA:176,3,0,-
BRDA:176,3,1,4
DA:177,4
DA:177,4
BRDA:177,4,0,-
BRDA:177,4,1,4
DA:177,0
DA:178,4
DA:178,4
DA:178,4
DA:180,4
DA:180,4
DA:181,4
DA:181,4
DA:182,4
DA:182,4
DA:184,0
DA:184,0
DA:187,4
DA:187,4
BRDA:187,5,0,4
BRDA:187,5,1,-
DA:188,4
DA:188,4
DA:188,4
DA:190,0
DA:190,0
FN:194,SendAccount._payPrefund
FNDA:4,SendAccount._payPrefund
DA:195,4
DA:195,4
BRDA:195,6,0,-
BRDA:195,6,1,3
DA:196,3
DA:196,3
DA:196,3
FN:202,SendAccount._call
FNDA:0,SendAccount._call
DA:203,0
DA:203,0
DA:203,0
DA:204,0
DA:204,0
BRDA:204,7,0,-
BRDA:204,7,1,-
FN:212,SendAccount._authorizeUpgrade
FNDA:0,SendAccount._authorizeUpgrade
FN:217,SendAccount.getActiveSigningKeys
FNDA:3,SendAccount.getActiveSigningKeys
DA:222,3
DA:222,3
DA:223,3
DA:223,3
DA:224,3
DA:224,3
DA:225,3
DA:225,3
DA:225,771
DA:225,768
DA:226,768
DA:226,768
DA:226,768
DA:227,768
DA:227,768
DA:227,768
BRDA:227,8,0,-
BRDA:227,8,1,4
DA:228,4
DA:228,4
DA:229,4
DA:229,4
DA:230,4
DA:230,4
DA:233,3
DA:233,3
BRDA:233,9,0,-
BRDA:233,9,1,3
FN:239,SendAccount.addSigningKey
FNDA:4,SendAccount.addSigningKey
DA:240,3
DA:240,3
BRDA:240,10,0,-
BRDA:240,10,1,3
DA:241,3
DA:241,3
BRDA:241,11,0,1
BRDA:241,11,1,2
DA:242,2
DA:242,2
BRDA:242,12,0,-
BRDA:242,12,1,2
DA:243,2
DA:243,2
DA:244,2
DA:244,2
DA:245,2
DA:245,2
FN:250,SendAccount.removeSigningKey
FNDA:4,SendAccount.removeSigningKey
DA:251,4
DA:251,4
BRDA:251,13,0,1
BRDA:251,13,1,3
DA:252,3
DA:252,3
BRDA:252,14,0,1
BRDA:252,14,1,2
DA:253,2
DA:253,2
DA:254,2
DA:254,2
DA:255,2
DA:255,2
DA:256,2
DA:256,2
FNF:13
FNH:9
LF:60
LH:53
BRF:30
BRH:18
end_of_record
TN:
SF:src/SendAccountFactory.sol
FN:33,SendAccountFactory.createAccount
FNDA:8,SendAccountFactory.createAccount
DA:38,8
DA:38,8
DA:38,8
DA:41,8
DA:41,8
BRDA:41,0,0,-
BRDA:41,0,1,1
DA:42,1
DA:42,1
DA:46,8
DA:46,8
DA:47,8
DA:47,8
BRDA:47,1,0,1
BRDA:47,1,1,7
DA:48,1
DA:48,1
DA:48,1
DA:51,7
DA:51,7
FN:63,SendAccountFactory.getAddress
FNDA:1,SendAccountFactory.getAddress
DA:68,9
DA:68,9
DA:68,9
FNF:2
FNH:2
LF:8
LH:8
BRF:4
BRH:3
end_of_record
TN:
SF:src/SendMerkleDrop.sol
FN:48,SendMerkleDrop.addTranche
FNDA:2,SendMerkleDrop.addTranche
DA:49,2
DA:49,2
DA:51,2
DA:51,2
DA:53,2
DA:53,2
DA:54,2
DA:54,2
DA:55,2
DA:55,2
DA:57,2
DA:57,2
DA:59,2
DA:59,2
FN:62,SendMerkleDrop.expireTranche
FNDA:0,SendMerkleDrop.expireTranche
DA:63,0
DA:63,0
DA:64,0
DA:64,0
BRDA:64,0,0,-
BRDA:64,0,1,-
DA:65,0
DA:65,0
DA:66,0
DA:66,0
DA:66,0
BRDA:66,1,0,-
BRDA:66,1,1,-
DA:67,0
DA:67,0
DA:69,0
DA:69,0
FN:72,SendMerkleDrop.transferToken
FNDA:0,SendMerkleDrop.transferToken
DA:73,0
DA:73,0
FN:76,SendMerkleDrop.withdraw
FNDA:0,SendMerkleDrop.withdraw
DA:77,0
DA:77,0
FN:85,SendMerkleDrop.claimTranche
FNDA:2,SendMerkleDrop.claimTranche
DA:92,2
DA:92,2
DA:94,1
DA:94,1
FN:97,SendMerkleDrop.claimTranches
FNDA:0,SendMerkleDrop.claimTranches
DA:104,0
DA:104,0
DA:106,0
DA:106,0
BRDA:106,2,0,-
BRDA:106,2,1,-
DA:108,0
DA:108,0
DA:110,0
DA:110,0
DA:110,0
DA:110,0
DA:111,0
DA:111,0
DA:113,0
DA:113,0
DA:116,0
DA:116,0
FN:119,SendMerkleDrop.verifyClaim
FNDA:0,SendMerkleDrop.verifyClaim
DA:126,0
DA:126,0
DA:126,0
FN:129,SendMerkleDrop.trancheActive
FNDA:2,SendMerkleDrop.trancheActive
DA:130,2
DA:130,2
DA:130,2
DA:130,2
FN:133,SendMerkleDrop.trancheAmount
FNDA:2,SendMerkleDrop.trancheAmount
DA:134,2
DA:134,2
FN:137,SendMerkleDrop.trancheAmountClaimed
FNDA:0,SendMerkleDrop.trancheAmountClaimed
DA:138,0
DA:138,0
FN:141,SendMerkleDrop.isClaimed
FNDA:2,SendMerkleDrop.isClaimed
DA:142,4
DA:142,4
DA:142,4
DA:143,4
DA:143,4
DA:143,4
DA:144,4
DA:144,4
DA:145,4
DA:145,4
DA:146,4
DA:146,4
DA:146,4
DA:146,4
FN:154,SendMerkleDrop._setClaimed
FNDA:1,SendMerkleDrop._setClaimed
DA:155,1
DA:155,1
DA:155,1
DA:156,1
DA:156,1
DA:156,1
DA:158,1
DA:158,1
FN:161,SendMerkleDrop._claimTranche
FNDA:2,SendMerkleDrop._claimTranche
DA:168,2
DA:168,2
BRDA:168,3,0,-
BRDA:168,3,1,2
DA:169,2
DA:169,2
BRDA:169,4,0,-
BRDA:169,4,1,2
DA:170,2
DA:170,2
BRDA:170,5,0,-
BRDA:170,5,1,2
DA:172,2
DA:172,2
BRDA:172,6,0,1
BRDA:172,6,1,1
DA:173,1
DA:173,1
DA:174,1
DA:174,1
DA:176,1
DA:176,1
FN:179,SendMerkleDrop._verifyClaim
FNDA:2,SendMerkleDrop._verifyClaim
DA:184,2
DA:184,2
DA:184,2
DA:185,2
DA:185,2
DA:185,2
FN:188,SendMerkleDrop._disburse
FNDA:1,SendMerkleDrop._disburse
DA:189,1
DA:189,1
BRDA:189,7,0,1
BRDA:189,7,1,-
DA:190,1
DA:190,1
DA:192,0
DA:192,0
FNF:15
FNH:9
LF:48
LH:30
BRF:16
BRH:6
end_of_record
TN:
SF:src/SendToken.sol
FN:17,SendToken.decimals
FNDA:0,SendToken.decimals
DA:18,0
DA:18,0
FNF:1
FNH:0
LF:1
LH:0
BRF:0
BRH:0
end_of_record
TN:
SF:src/SendVerifier.sol
FN:36,SendVerifier.init
FNDA:2,SendVerifier.init
DA:37,2
DA:37,2
FN:41,SendVerifier._authorizeUpgrade
FNDA:3,SendVerifier._authorizeUpgrade
FN:46,SendVerifier.implementation
FNDA:2,SendVerifier.implementation
DA:47,2
DA:47,2
DA:47,2
FN:50,SendVerifier.upgradeTo
FNDA:2,SendVerifier.upgradeTo
DA:51,2
DA:51,2
FN:54,SendVerifier.verifySignature
FNDA:12,SendVerifier.verifySignature
DA:59,12
DA:59,12
DA:59,12
DA:61,10
DA:61,10
DA:61,10
FNF:5
FNH:5
LF:5
LH:5
BRF:0
BRH:0
end_of_record
TN:
SF:src/TestUSDC.sol
FN:13,TestUSDC.decimals
FNDA:1,TestUSDC.decimals
DA:14,1
DA:14,1
FNF:1
FNH:1
LF:1
LH:1
BRF:0
BRH:0
end_of_record
TN:
SF:src/TokenPaymaster.sol
FN:107,TokenPaymaster.setTokenPaymasterConfig
FNDA:1054,TokenPaymaster.setTokenPaymasterConfig
DA:108,1053
DA:108,1053
BRDA:108,0,0,267
BRDA:108,0,1,786
DA:109,786
DA:109,786
BRDA:109,1,0,267
BRDA:109,1,1,519
DA:110,519
DA:110,519
DA:111,519
DA:111,519
FN:116,TokenPaymaster.setRewardsConfig
FNDA:531,TokenPaymaster.setRewardsConfig
DA:117,530
DA:117,530
BRDA:117,2,0,1
BRDA:117,2,1,529
DA:118,529
DA:118,529
BRDA:118,3,0,1
BRDA:118,3,1,528
DA:121,528
DA:121,528
DA:122,528
DA:122,528
FN:125,TokenPaymaster.setUniswapConfiguration
FNDA:268,TokenPaymaster.setUniswapConfiguration
DA:126,267
DA:126,267
DA:127,267
DA:127,267
FN:130,TokenPaymaster.setOracleConfiguration
FNDA:267,TokenPaymaster.setOracleConfiguration
DA:131,266
DA:131,266
DA:132,266
DA:132,266
FN:138,TokenPaymaster.withdrawToken
FNDA:789,TokenPaymaster.withdrawToken
DA:139,526
DA:139,526
FN:148,TokenPaymaster._validatePaymasterUserOp
FNDA:273,TokenPaymaster._validatePaymasterUserOp
DA:154,273
DA:154,273
DA:155,273
DA:155,273
DA:156,273
DA:156,273
DA:156,273
DA:157,273
DA:157,273
BRDA:157,4,0,1
BRDA:157,4,1,272
DA:158,272
DA:158,272
DA:158,272
DA:159,272
DA:159,272
DA:160,272
DA:160,272
BRDA:160,5,0,1
BRDA:160,5,1,271
DA:161,271
DA:161,271
DA:161,271
DA:163,271
DA:163,271
DA:163,271
DA:163,271
DA:164,271
DA:164,271
BRDA:164,6,0,1
BRDA:164,6,1,2
DA:165,2
DA:165,2
DA:166,2
DA:166,2
DA:167,2
DA:167,2
BRDA:167,7,0,1
BRDA:167,7,1,2
DA:169,1
DA:169,1
DA:172,271
DA:172,271
DA:172,271
DA:173,271
DA:173,271
DA:174,271
DA:174,271
DA:175,270
DA:175,270
DA:176,270
DA:176,270
FN:188,TokenPaymaster._postOp
FNDA:270,TokenPaymaster._postOp
DA:193,270
DA:193,270
DA:194,270
DA:194,270
DA:195,270
DA:195,270
DA:195,270
DA:196,270
DA:196,270
DA:197,270
DA:197,270
DA:197,270
DA:199,270
DA:199,270
DA:199,270
DA:199,270
DA:201,270
DA:201,270
DA:201,270
DA:201,270
DA:202,270
DA:202,270
DA:202,270
DA:203,270
DA:203,270
BRDA:203,8,0,268
BRDA:203,8,1,2
DA:205,268
DA:205,268
DA:206,2
DA:206,2
BRDA:206,9,0,2
BRDA:206,9,1,1
DA:209,2
DA:209,2
DA:212,269
DA:212,269
DA:213,269
DA:213,269
DA:213,269
DA:213,269
DA:213,269
DA:213,269
DA:214,269
DA:214,269
BRDA:214,10,0,158
BRDA:214,10,1,269
DA:215,158
DA:215,158
DA:218,269
DA:218,269
DA:219,269
DA:219,269
FN:225,TokenPaymaster.refillEntryPointDeposit
FNDA:269,TokenPaymaster.refillEntryPointDeposit
DA:226,269
DA:226,269
DA:226,269
DA:227,269
DA:227,269
BRDA:227,11,0,-
BRDA:227,11,1,1
DA:228,1
DA:228,1
DA:228,1
DA:229,1
DA:229,1
DA:230,1
DA:230,1
FN:238,TokenPaymaster.withdrawEth
FNDA:265,TokenPaymaster.withdrawEth
DA:239,264
DA:239,264
DA:239,264
DA:240,264
DA:240,264
BRDA:240,12,0,-
BRDA:240,12,1,264
FNF:9
FNH:9
LF:57
LH:57
BRF:26
BRH:24
end_of_record
TN:
SF:src/utils/OracleHelper.sol
FN:57,OracleHelper._setOracleConfiguration
FNDA:266,OracleHelper._setOracleConfiguration
DA:58,266
DA:58,266
DA:59,266
DA:59,266
BRDA:59,0,0,-
BRDA:59,0,1,266
DA:60,266
DA:60,266
DA:61,266
BRDA:61,1,0,-
BRDA:61,1,1,2
DA:62,2
DA:62,2
BRDA:62,2,0,-
BRDA:62,2,1,2
DA:63,2
DA:63,2
DA:65,264
DA:65,264
FN:72,OracleHelper.updateCachedPrice
FNDA:269,OracleHelper.updateCachedPrice
DA:73,539
DA:73,539
DA:74,539
DA:74,539
DA:74,539
DA:75,539
DA:75,539
DA:75,539
DA:75,270
BRDA:75,3,0,267
BRDA:75,3,1,272
DA:76,267
DA:76,267
DA:78,272
DA:78,272
DA:79,272
DA:79,272
DA:80,272
DA:80,272
DA:82,272
DA:82,272
DA:83,272
DA:83,272
DA:83,272
DA:84,272
DA:84,272
DA:86,272
DA:86,272
BRDA:86,4,0,270
BRDA:86,4,1,272
DA:87,270
DA:87,270
DA:89,272
DA:89,272
DA:89,272
DA:92,272
DA:92,272
DA:92,272
DA:92,272
DA:93,272
DA:93,272
DA:93,272
DA:93,272
DA:93,3
DA:93,3
DA:94,3
DA:94,3
DA:94,3
DA:95,272
DA:95,272
BRDA:95,5,0,-
BRDA:95,5,1,272
DA:96,0
DA:96,0
DA:98,272
DA:98,272
DA:99,272
DA:99,272
DA:100,272
DA:100,272
DA:101,272
DA:101,272
FN:113,OracleHelper.calculatePrice
FNDA:264,OracleHelper.calculatePrice
DA:120,536
BRDA:120,6,0,1
BRDA:120,6,1,535
DA:122,1
DA:122,1
DA:125,535
DA:125,535
DA:128,536
BRDA:128,7,0,-
BRDA:128,7,1,536
DA:131,0
DA:131,0
DA:131,0
DA:131,0
DA:135,536
DA:135,536
DA:135,536
DA:135,536
FN:143,OracleHelper.fetchPrice
FNDA:542,OracleHelper.fetchPrice
DA:144,542
DA:144,542
DA:144,542
DA:145,542
DA:145,542
BRDA:145,8,0,-
BRDA:145,8,1,542
DA:146,542
DA:146,542
BRDA:146,9,0,-
BRDA:146,9,1,542
DA:147,542
DA:147,542
BRDA:147,10,0,-
BRDA:147,10,1,542
DA:148,542
DA:148,542
FNF:4
FNH:4
LF:40
LH:38
BRF:22
BRH:14
end_of_record
TN:
SF:src/utils/UniswapHelper.sol
FN:47,UniswapHelper._setUniswapHelperConfiguration
FNDA:267,UniswapHelper._setUniswapHelperConfiguration
DA:48,267
DA:48,267
FN:51,UniswapHelper._maybeSwapTokenToWeth
FNDA:1,UniswapHelper._maybeSwapTokenToWeth
DA:52,1
DA:52,1
DA:52,1
DA:53,1
DA:53,1
DA:53,1
DA:54,1
DA:54,1
BRDA:54,0,0,-
BRDA:54,0,1,1
DA:55,0
DA:55,0
DA:58,1
DA:58,1
DA:58,1
FN:63,UniswapHelper.addSlippage
FNDA:1,UniswapHelper.addSlippage
DA:64,1
DA:64,1
DA:64,1
DA:64,1
FN:67,UniswapHelper.tokenToWei
FNDA:1,UniswapHelper.tokenToWei
DA:68,2
DA:68,2
DA:68,2
DA:68,2
FN:71,UniswapHelper.weiToToken
FNDA:7,UniswapHelper.weiToToken
DA:72,548
DA:72,548
DA:72,548
DA:72,548
FN:75,UniswapHelper.unwrapWeth
FNDA:1,UniswapHelper.unwrapWeth
DA:76,1
DA:76,1
FN:80,UniswapHelper.swapToToken
FNDA:1,UniswapHelper.swapToToken
DA:84,1
DA:84,1
DA:84,1
DA:94,1
DA:94,1
FNF:7
FNH:7
LF:12
LH:11
BRF:2
BRH:1
end_of_record
TN:
SF:test/BaseSepoliaForkTest.sol
FN:12,BaseSepoliaForkTest.createAndSelectFork
FNDA:0,BaseSepoliaForkTest.createAndSelectFork
DA:13,0
DA:13,0
DA:14,0
DA:14,0
FNF:1
FNH:0
LF:2
LH:0
BRF:0
BRH:0
end_of_record
TN:
SF:test/BytesLib.sol
FN:12,BytesLib.concat
FNDA:0,BytesLib.concat
DA:13,0
DA:13,0
DA:18,0
DA:18,0
DA:50,0
DA:50,0
DA:55,0
DA:55,0
DA:58,0
DA:58,0
DA:79,0
DA:79,0
FN:82,BytesLib.concatStorage
FNDA:0,BytesLib.concatStorage
FN:212,BytesLib.slice
FNDA:0,BytesLib.slice
DA:213,0
DA:213,0
BRDA:213,0,0,-
BRDA:213,0,1,-
DA:214,0
DA:214,0
BRDA:214,1,0,-
BRDA:214,1,1,-
DA:216,0
DA:216,0
DA:268,0
DA:268,0
FN:271,BytesLib.toAddress
FNDA:0,BytesLib.toAddress
DA:272,0
DA:272,0
BRDA:272,2,0,-
BRDA:272,2,1,-
DA:273,0
DA:273,0
DA:276,0
DA:276,0
DA:279,0
DA:279,0
FN:282,BytesLib.toUint8
FNDA:0,BytesLib.toUint8
DA:283,0
DA:283,0
BRDA:283,3,0,-
BRDA:283,3,1,-
DA:284,0
DA:284,0
DA:287,0
DA:287,0
DA:290,0
DA:290,0
FN:293,BytesLib.toUint16
FNDA:0,BytesLib.toUint16
DA:294,0
DA:294,0
BRDA:294,4,0,-
BRDA:294,4,1,-
DA:295,0
DA:295,0
DA:298,0
DA:298,0
DA:301,0
DA:301,0
FN:304,BytesLib.toUint32
FNDA:0,BytesLib.toUint32
DA:305,0
DA:305,0
BRDA:305,5,0,-
BRDA:305,5,1,-
DA:306,0
DA:306,0
DA:309,0
DA:309,0
DA:312,0
DA:312,0
FN:315,BytesLib.toUint64
FNDA:0,BytesLib.toUint64
DA:316,0
DA:316,0
BRDA:316,6,0,-
BRDA:316,6,1,-
DA:317,0
DA:317,0
DA:320,0
DA:320,0
DA:323,0
DA:323,0
FN:326,BytesLib.toUint96
FNDA:0,BytesLib.toUint96
DA:327,0
DA:327,0
BRDA:327,7,0,-
BRDA:327,7,1,-
DA:328,0
DA:328,0
DA:331,0
DA:331,0
DA:334,0
DA:334,0
FN:337,BytesLib.toUint128
FNDA:0,BytesLib.toUint128
DA:338,0
DA:338,0
BRDA:338,8,0,-
BRDA:338,8,1,-
DA:339,0
DA:339,0
DA:342,0
DA:342,0
DA:345,0
DA:345,0
FN:348,BytesLib.toUint256
FNDA:0,BytesLib.toUint256
DA:349,0
DA:349,0
BRDA:349,9,0,-
BRDA:349,9,1,-
DA:350,0
DA:350,0
DA:353,0
DA:353,0
DA:356,0
DA:356,0
FN:359,BytesLib.toBytes32
FNDA:0,BytesLib.toBytes32
DA:360,0
DA:360,0
BRDA:360,10,0,-
BRDA:360,10,1,-
DA:361,0
DA:361,0
DA:364,0
DA:364,0
DA:367,0
DA:367,0
FN:370,BytesLib.equal
FNDA:0,BytesLib.equal
DA:371,0
DA:371,0
DA:409,0
DA:409,0
FN:412,BytesLib.equalStorage
FNDA:0,BytesLib.equalStorage
DA:413,0
DA:413,0
DA:474,0
DA:474,0
FNF:14
FNH:0
LF:50
LH:0
BRF:22
BRH:0
end_of_record
TN:
SF:test/TestOracle2.sol
FN:24,TestOracle2.description
FNDA:0,TestOracle2.description
DA:25,0
DA:25,0
FN:28,TestOracle2.setPrice
FNDA:280,TestOracle2.setPrice
DA:29,280
DA:29,280
FN:32,TestOracle2.setDecimals
FNDA:8,TestOracle2.setDecimals
DA:33,8
DA:33,8
FN:36,TestOracle2.decimals
FNDA:611,TestOracle2.decimals
DA:37,611
DA:37,611
FN:40,TestOracle2.latestRoundData
FNDA:616,TestOracle2.latestRoundData
DA:47,616
DA:47,616
FNF:5
FNH:4
LF:5
LH:4
BRF:0
BRH:0
end_of_record
TN:
SF:test/Utils.sol
FN:12,Utils.rawSignatureToSignature
FNDA:4,Utils.rawSignatureToSignature
DA:17,4
DA:17,4
DA:17,4
DA:18,4
DA:18,4
DA:18,4
DA:22,4
DA:22,4
DA:24,4
DA:24,4
DA:25,4
DA:25,4
DA:27,4
DA:27,4
DA:27,4
DA:28,4
DA:28,4
DA:30,4
DA:30,4
DA:30,4
FNF:1
FNH:1
LF:8
LH:8
BRF:0
BRH:0
end_of_record
TN:
SF:test/WebAuthnTest.sol
FN:16,WebAuthnTest.demoP256KeyPair
FNDA:0,WebAuthnTest.demoP256KeyPair
DA:17,0
DA:17,0
DA:17,0
FN:24,WebAuthnTest.signP256
FNDA:0,WebAuthnTest.signP256
DA:29,0
DA:29,0
DA:29,0
DA:30,0
DA:30,0
DA:30,0
DA:34,0
DA:34,0
DA:35,0
DA:35,0
DA:37,0
DA:37,0
DA:37,0
DA:38,0
DA:38,0
DA:40,0
DA:40,0
DA:42,0
DA:42,0
DA:42,0
DA:44,0
DA:44,0
DA:46,0
DA:46,0
FN:59,WebAuthnTest.normalizeP256S
FNDA:0,WebAuthnTest.normalizeP256S
DA:60,0
DA:60,0
DA:60,0
DA:61,0
DA:61,0
DA:61,0
DA:61,0
BRDA:61,0,0,-
BRDA:61,0,1,-
DA:62,0
DA:62,0
DA:64,0
DA:64,0
FNF:3
FNH:0
LF:15
LH:0
BRF:2
BRH:0
end_of_record
