TN:
SF:script/CreateSendDistributionTranche.s.sol
FN:10,CreateSendDistributionTrancheScript.setUp
FNDA:0,CreateSendDistributionTrancheScript.setUp
DA:11,0
DA:11,0
FN:14,CreateSendDistributionTrancheScript.run
FNDA:0,CreateSendDistributionTrancheScript.run
DA:15,0
DA:15,0
DA:15,0
DA:16,0
DA:16,0
BRDA:16,0,0,-
BRDA:16,0,1,-
DA:17,0
DA:17,0
DA:18,0
DA:18,0
DA:18,0
DA:19,0
DA:19,0
DA:19,0
DA:20,0
DA:20,0
DA:22,0
DA:22,0
DA:23,0
DA:23,0
FNF:2
FNH:0
LF:9
LH:0
BRF:2
BRH:0
end_of_record
TN:
SF:script/DeploySendAccountFactory.s.sol
FN:11,DeploySendAccountFactoryScript.setUp
FNDA:0,DeploySendAccountFactoryScript.setUp
DA:12,0
DA:12,0
FN:15,DeploySendAccountFactoryScript.run
FNDA:1,DeploySendAccountFactoryScript.run
DA:16,1
DA:16,1
DA:16,1
DA:17,1
DA:17,1
DA:18,1
DA:18,1
DA:18,1
DA:19,1
DA:19,1
DA:19,1
DA:21,1
DA:21,1
DA:22,1
DA:22,1
DA:23,1
DA:23,1
DA:26,1
DA:26,1
DA:27,1
DA:27,1
DA:28,1
DA:28,1
DA:29,1
DA:29,1
FNF:2
FNH:1
LF:12
LH:11
BRF:0
BRH:0
end_of_record
TN:
SF:script/DeploySendMerkleDrop.s.sol
FN:11,DeploySendMerkleDropScript.setUp
FNDA:0,DeploySendMerkleDropScript.setUp
DA:12,0
DA:12,0
FN:15,DeploySendMerkleDropScript.run
FNDA:1,DeploySendMerkleDropScript.run
DA:16,1
DA:16,1
DA:16,1
DA:17,1
DA:17,1
DA:18,1
DA:18,1
DA:18,1
DA:20,1
DA:20,1
DA:21,1
DA:21,1
FNF:2
FNH:1
LF:6
LH:5
BRF:0
BRH:0
end_of_record
TN:
SF:script/DeploySendVerifier.s.sol
FN:10,DeploySendVerifierScript.setUp
FNDA:0,DeploySendVerifierScript.setUp
DA:11,0
DA:11,0
FN:14,DeploySendVerifierScript.run
FNDA:1,DeploySendVerifierScript.run
DA:15,1
DA:15,1
DA:18,1
DA:18,1
DA:18,1
DA:19,1
DA:19,1
DA:22,1
DA:22,1
DA:24,1
DA:24,1
DA:25,1
DA:25,1
DA:28,1
DA:28,1
DA:30,1
DA:30,1
FNF:2
FNH:1
LF:9
LH:8
BRF:0
BRH:0
end_of_record
TN:
SF:script/DeployTokenPaymaster.s.sol
FN:14,DeploySendMerkleDropScript.run
FNDA:0,DeploySendMerkleDropScript.run
DA:15,0
DA:15,0
DA:15,0
DA:17,0
DA:17,0
DA:17,0
DA:18,0
DA:18,0
DA:19,0
DA:19,0
DA:19,0
DA:20,0
DA:20,0
DA:20,0
DA:21,0
DA:21,0
DA:21,0
DA:22,0
DA:22,0
DA:22,0
DA:24,0
DA:24,0
BRDA:24,0,0,-
BRDA:24,0,1,-
DA:25,0
DA:25,0
BRDA:25,1,0,-
BRDA:25,1,1,-
DA:26,0
DA:26,0
BRDA:26,2,0,-
BRDA:26,2,1,-
DA:27,0
DA:27,0
BRDA:27,3,0,-
BRDA:27,3,1,-
DA:28,0
DA:28,0
BRDA:28,4,0,-
BRDA:28,4,1,-
DA:30,0
DA:30,0
DA:30,0
DA:38,0
DA:38,0
DA:38,0
DA:40,0
DA:40,0
DA:40,0
DA:51,0
DA:51,0
DA:51,0
DA:52,0
DA:52,0
DA:54,0
DA:54,0
DA:54,0
DA:67,0
DA:67,0
DA:68,0
DA:68,0
FNF:1
FNH:0
LF:20
LH:0
BRF:10
BRH:0
end_of_record
TN:
SF:src/DaimoAccount.sol
FN:80,DaimoAccount.initialize
FNDA:8,DaimoAccount.initialize
DA:81,8
DA:81,8
DA:82,8
DA:82,8
DA:84,8
DA:84,8
DA:84,8
DA:84,0
DA:85,0
DA:85,0
DA:88,8
DA:88,8
DA:89,8
DA:89,8
FN:93,DaimoAccount.executeBatch
FNDA:0,DaimoAccount.executeBatch
DA:94,0
DA:94,0
DA:94,0
DA:94,0
DA:95,0
DA:95,0
FN:124,DaimoAccount.validateUserOp
FNDA:4,DaimoAccount.validateUserOp
DA:133,4
DA:133,4
DA:134,4
DA:134,4
FN:139,DaimoAccount.signatureStruct
FNDA:0,DaimoAccount.signatureStruct
FN:145,DaimoAccount._validateSignature
FNDA:8,DaimoAccount._validateSignature
DA:146,8
DA:146,8
BRDA:146,0,0,-
BRDA:146,0,1,8
DA:146,0
DA:149,8
DA:149,8
DA:149,8
DA:152,8
DA:152,8
DA:152,8
DA:153,8
DA:153,8
DA:153,8
DA:155,8
DA:155,8
DA:155,8
FN:160,DaimoAccount.isValidSignature
FNDA:4,DaimoAccount.isValidSignature
DA:166,4
DA:166,4
BRDA:166,1,0,2
BRDA:166,1,1,2
DA:167,2
DA:167,2
DA:169,2
DA:169,2
FN:173,DaimoAccount._validateUseropSignature
FNDA:4,DaimoAccount._validateUseropSignature
DA:192,4
DA:192,4
DA:193,4
DA:193,4
DA:194,4
DA:194,4
DA:196,4
DA:196,4
DA:197,4
DA:197,4
BRDA:197,2,0,-
BRDA:197,2,1,4
DA:197,0
DA:199,4
DA:199,4
DA:199,4
DA:200,4
DA:200,4
BRDA:200,3,0,-
BRDA:200,3,1,4
DA:201,4
DA:201,4
BRDA:201,4,0,-
BRDA:201,4,1,4
DA:201,0
DA:202,4
DA:202,4
DA:202,4
DA:204,4
DA:204,4
DA:205,4
DA:205,4
DA:206,4
DA:206,4
DA:208,0
DA:208,0
DA:211,4
DA:211,4
BRDA:211,5,0,4
BRDA:211,5,1,-
DA:212,4
DA:212,4
DA:212,4
DA:214,0
DA:214,0
FN:218,DaimoAccount._payPrefund
FNDA:4,DaimoAccount._payPrefund
DA:219,4
DA:219,4
BRDA:219,6,0,-
BRDA:219,6,1,3
DA:220,3
DA:220,3
DA:220,3
FN:226,DaimoAccount._call
FNDA:0,DaimoAccount._call
DA:227,0
DA:227,0
DA:227,0
DA:228,0
DA:228,0
BRDA:228,7,0,-
BRDA:228,7,1,-
FN:236,DaimoAccount._authorizeUpgrade
FNDA:0,DaimoAccount._authorizeUpgrade
FN:241,DaimoAccount.getActiveSigningKeys
FNDA:3,DaimoAccount.getActiveSigningKeys
DA:246,3
DA:246,3
DA:247,3
DA:247,3
DA:248,3
DA:248,3
DA:249,3
DA:249,3
DA:249,771
DA:249,768
DA:250,768
DA:250,768
DA:250,768
DA:251,768
DA:251,768
DA:251,768
BRDA:251,8,0,-
BRDA:251,8,1,4
DA:252,4
DA:252,4
DA:253,4
DA:253,4
DA:254,4
DA:254,4
DA:257,3
DA:257,3
BRDA:257,9,0,-
BRDA:257,9,1,3
FN:263,DaimoAccount.addSigningKey
FNDA:4,DaimoAccount.addSigningKey
DA:264,3
DA:264,3
BRDA:264,10,0,-
BRDA:264,10,1,3
DA:265,3
DA:265,3
BRDA:265,11,0,1
BRDA:265,11,1,2
DA:266,2
DA:266,2
BRDA:266,12,0,-
BRDA:266,12,1,2
DA:267,2
DA:267,2
DA:268,2
DA:268,2
DA:269,2
DA:269,2
FN:274,DaimoAccount.removeSigningKey
FNDA:4,DaimoAccount.removeSigningKey
DA:275,4
DA:275,4
BRDA:275,13,0,1
BRDA:275,13,1,3
DA:276,3
DA:276,3
BRDA:276,14,0,1
BRDA:276,14,1,2
DA:277,2
DA:277,2
DA:278,2
DA:278,2
DA:279,2
DA:279,2
DA:280,2
DA:280,2
FNF:13
FNH:9
LF:60
LH:53
BRF:30
BRH:18
end_of_record
TN:
SF:src/DaimoAccountFactory.sol
FN:33,DaimoAccountFactory.createAccount
FNDA:8,DaimoAccountFactory.createAccount
DA:38,8
DA:38,8
DA:38,8
DA:41,8
DA:41,8
BRDA:41,0,0,-
BRDA:41,0,1,1
DA:42,1
DA:42,1
DA:46,8
DA:46,8
DA:47,8
DA:47,8
BRDA:47,1,0,1
BRDA:47,1,1,7
DA:48,1
DA:48,1
DA:48,1
DA:51,7
DA:51,7
FN:63,DaimoAccountFactory.getAddress
FNDA:1,DaimoAccountFactory.getAddress
DA:68,9
DA:68,9
DA:68,9
FNF:2
FNH:2
LF:8
LH:8
BRF:4
BRH:3
end_of_record
TN:
SF:src/DaimoTestUSDC.sol
FN:13,TestUSDC.decimals
FNDA:1,TestUSDC.decimals
DA:14,1
DA:14,1
FNF:1
FNH:1
LF:1
LH:1
BRF:0
BRH:0
end_of_record
TN:
SF:src/DaimoVerifier.sol
FN:36,DaimoVerifier.init
FNDA:2,DaimoVerifier.init
DA:37,2
DA:37,2
FN:41,DaimoVerifier._authorizeUpgrade
FNDA:3,DaimoVerifier._authorizeUpgrade
FN:46,DaimoVerifier.implementation
FNDA:2,DaimoVerifier.implementation
DA:47,2
DA:47,2
DA:47,2
FN:50,DaimoVerifier.upgradeTo
FNDA:2,DaimoVerifier.upgradeTo
DA:51,2
DA:51,2
FN:54,DaimoVerifier.verifySignature
FNDA:12,DaimoVerifier.verifySignature
DA:59,12
DA:59,12
DA:59,12
DA:61,10
DA:61,10
DA:61,10
FNF:5
FNH:5
LF:5
LH:5
BRF:0
BRH:0
end_of_record
TN:
SF:src/Helper.sol
FN:40,Helper.labels
FNDA:0,Helper.labels
DA:41,0
DA:41,0
DA:42,0
DA:42,0
DA:43,0
DA:43,0
DA:44,0
DA:44,0
DA:45,0
DA:45,0
DA:46,0
DA:46,0
FNF:1
FNH:0
LF:6
LH:0
BRF:0
BRH:0
end_of_record
TN:
SF:src/SendMerkleDrop.sol
FN:48,SendMerkleDrop.addTranche
FNDA:2,SendMerkleDrop.addTranche
DA:49,2
DA:49,2
DA:51,2
DA:51,2
DA:53,2
DA:53,2
DA:54,2
DA:54,2
DA:55,2
DA:55,2
DA:57,2
DA:57,2
DA:59,2
DA:59,2
FN:62,SendMerkleDrop.expireTranche
FNDA:0,SendMerkleDrop.expireTranche
DA:63,0
DA:63,0
DA:64,0
DA:64,0
BRDA:64,0,0,-
BRDA:64,0,1,-
DA:65,0
DA:65,0
DA:66,0
DA:66,0
DA:66,0
BRDA:66,1,0,-
BRDA:66,1,1,-
DA:67,0
DA:67,0
DA:69,0
DA:69,0
FN:72,SendMerkleDrop.transferToken
FNDA:0,SendMerkleDrop.transferToken
DA:73,0
DA:73,0
FN:76,SendMerkleDrop.withdraw
FNDA:0,SendMerkleDrop.withdraw
DA:77,0
DA:77,0
FN:85,SendMerkleDrop.claimTranche
FNDA:2,SendMerkleDrop.claimTranche
DA:92,2
DA:92,2
DA:94,1
DA:94,1
FN:97,SendMerkleDrop.claimTranches
FNDA:0,SendMerkleDrop.claimTranches
DA:104,0
DA:104,0
DA:106,0
DA:106,0
BRDA:106,2,0,-
BRDA:106,2,1,-
DA:108,0
DA:108,0
DA:110,0
DA:110,0
DA:110,0
DA:110,0
DA:111,0
DA:111,0
DA:113,0
DA:113,0
DA:116,0
DA:116,0
FN:119,SendMerkleDrop.verifyClaim
FNDA:0,SendMerkleDrop.verifyClaim
DA:126,0
DA:126,0
DA:126,0
FN:129,SendMerkleDrop.trancheActive
FNDA:2,SendMerkleDrop.trancheActive
DA:130,2
DA:130,2
DA:130,2
DA:130,2
FN:133,SendMerkleDrop.trancheAmount
FNDA:2,SendMerkleDrop.trancheAmount
DA:134,2
DA:134,2
FN:137,SendMerkleDrop.trancheAmountClaimed
FNDA:0,SendMerkleDrop.trancheAmountClaimed
DA:138,0
DA:138,0
FN:141,SendMerkleDrop.isClaimed
FNDA:2,SendMerkleDrop.isClaimed
DA:142,4
DA:142,4
DA:142,4
DA:143,4
DA:143,4
DA:143,4
DA:144,4
DA:144,4
DA:145,4
DA:145,4
DA:146,4
DA:146,4
DA:146,4
DA:146,4
FN:154,SendMerkleDrop._setClaimed
FNDA:1,SendMerkleDrop._setClaimed
DA:155,1
DA:155,1
DA:155,1
DA:156,1
DA:156,1
DA:156,1
DA:158,1
DA:158,1
FN:161,SendMerkleDrop._claimTranche
FNDA:2,SendMerkleDrop._claimTranche
DA:168,2
DA:168,2
BRDA:168,3,0,-
BRDA:168,3,1,2
DA:169,2
DA:169,2
BRDA:169,4,0,-
BRDA:169,4,1,2
DA:170,2
DA:170,2
BRDA:170,5,0,-
BRDA:170,5,1,2
DA:172,2
DA:172,2
BRDA:172,6,0,1
BRDA:172,6,1,1
DA:173,1
DA:173,1
DA:174,1
DA:174,1
DA:176,1
DA:176,1
FN:179,SendMerkleDrop._verifyClaim
FNDA:2,SendMerkleDrop._verifyClaim
DA:184,2
DA:184,2
DA:184,2
DA:185,2
DA:185,2
DA:185,2
FN:188,SendMerkleDrop._disburse
FNDA:1,SendMerkleDrop._disburse
DA:189,1
DA:189,1
BRDA:189,7,0,1
BRDA:189,7,1,-
DA:190,1
DA:190,1
DA:192,0
DA:192,0
FNF:15
FNH:9
LF:48
LH:30
BRF:16
BRH:6
end_of_record
TN:
SF:src/SendToken.sol
FN:17,SendToken.decimals
FNDA:0,SendToken.decimals
DA:18,0
DA:18,0
FNF:1
FNH:0
LF:1
LH:0
BRF:0
BRH:0
end_of_record
TN:
SF:src/TokenPaymaster.sol
FN:107,TokenPaymaster.setTokenPaymasterConfig
FNDA:777,TokenPaymaster.setTokenPaymasterConfig
DA:108,776
DA:108,776
BRDA:108,0,0,260
BRDA:108,0,1,516
DA:109,516
DA:109,516
BRDA:109,1,0,260
BRDA:109,1,1,256
DA:110,256
DA:110,256
DA:111,256
DA:111,256
FN:116,TokenPaymaster.setRewardsConfig
FNDA:519,TokenPaymaster.setRewardsConfig
DA:117,518
DA:117,518
BRDA:117,2,0,1
BRDA:117,2,1,517
DA:118,517
DA:118,517
BRDA:118,3,0,1
BRDA:118,3,1,516
DA:122,516
DA:122,516
DA:123,516
DA:123,516
FN:126,TokenPaymaster.setUniswapConfiguration
FNDA:261,TokenPaymaster.setUniswapConfiguration
DA:127,260
DA:127,260
DA:128,260
DA:128,260
FN:131,TokenPaymaster.setOracleConfiguration
FNDA:262,TokenPaymaster.setOracleConfiguration
DA:132,261
DA:132,261
DA:133,261
DA:133,261
FN:139,TokenPaymaster.withdrawToken
FNDA:777,TokenPaymaster.withdrawToken
DA:140,518
DA:140,518
FN:149,TokenPaymaster._validatePaymasterUserOp
FNDA:268,TokenPaymaster._validatePaymasterUserOp
DA:155,268
DA:155,268
DA:156,268
DA:156,268
DA:157,268
DA:157,268
DA:157,268
DA:158,268
DA:158,268
BRDA:158,4,0,1
BRDA:158,4,1,267
DA:159,267
DA:159,267
DA:159,267
DA:160,267
DA:160,267
DA:161,267
DA:161,267
BRDA:161,5,0,1
BRDA:161,5,1,266
DA:162,266
DA:162,266
DA:162,266
DA:164,266
DA:164,266
DA:164,266
DA:164,266
DA:165,266
DA:165,266
BRDA:165,6,0,1
BRDA:165,6,1,2
DA:166,2
DA:166,2
DA:167,2
DA:167,2
DA:168,2
DA:168,2
BRDA:168,7,0,1
BRDA:168,7,1,2
DA:170,1
DA:170,1
DA:173,266
DA:173,266
DA:173,266
DA:174,266
DA:174,266
DA:175,266
DA:175,266
DA:176,265
DA:176,265
DA:177,265
DA:177,265
FN:189,TokenPaymaster._postOp
FNDA:265,TokenPaymaster._postOp
DA:194,265
DA:194,265
DA:195,265
DA:195,265
DA:196,265
DA:196,265
DA:196,265
DA:197,265
DA:197,265
DA:198,265
DA:198,265
DA:198,265
DA:200,265
DA:200,265
DA:200,265
DA:200,265
DA:202,265
DA:202,265
DA:202,265
DA:202,265
DA:203,265
DA:203,265
DA:203,265
DA:204,265
DA:204,265
BRDA:204,8,0,263
BRDA:204,8,1,2
DA:206,263
DA:206,263
DA:207,2
DA:207,2
BRDA:207,9,0,2
BRDA:207,9,1,1
DA:210,2
DA:210,2
DA:213,264
DA:213,264
DA:214,264
DA:214,264
DA:214,264
DA:214,264
DA:214,264
DA:214,264
DA:215,264
DA:215,264
BRDA:215,10,0,220
BRDA:215,10,1,264
DA:216,220
DA:216,220
DA:219,264
DA:219,264
DA:220,264
DA:220,264
FN:226,TokenPaymaster.refillEntryPointDeposit
FNDA:264,TokenPaymaster.refillEntryPointDeposit
DA:227,264
DA:227,264
DA:227,264
DA:228,264
DA:228,264
BRDA:228,11,0,-
BRDA:228,11,1,1
DA:229,1
DA:229,1
DA:229,1
DA:230,1
DA:230,1
DA:231,1
DA:231,1
FN:239,TokenPaymaster.withdrawEth
FNDA:261,TokenPaymaster.withdrawEth
DA:240,260
DA:240,260
DA:240,260
DA:241,260
DA:241,260
BRDA:241,12,0,-
BRDA:241,12,1,260
FNF:9
FNH:9
LF:57
LH:57
BRF:26
BRH:24
end_of_record
TN:
SF:src/utils/OracleHelper.sol
FN:57,OracleHelper._setOracleConfiguration
FNDA:261,OracleHelper._setOracleConfiguration
DA:58,261
DA:58,261
DA:59,261
DA:59,261
BRDA:59,0,0,-
BRDA:59,0,1,261
DA:60,261
DA:60,261
DA:61,261
BRDA:61,1,0,-
BRDA:61,1,1,2
DA:62,2
DA:62,2
BRDA:62,2,0,-
BRDA:62,2,1,2
DA:63,2
DA:63,2
DA:65,259
DA:65,259
FN:72,OracleHelper.updateCachedPrice
FNDA:263,OracleHelper.updateCachedPrice
DA:73,528
DA:73,528
DA:74,528
DA:74,528
DA:74,528
DA:75,528
DA:75,528
DA:75,528
DA:75,265
BRDA:75,3,0,262
BRDA:75,3,1,266
DA:76,262
DA:76,262
DA:78,266
DA:78,266
DA:79,266
DA:79,266
DA:80,266
DA:80,266
DA:82,266
DA:82,266
DA:83,266
DA:83,266
DA:83,266
DA:84,266
DA:84,266
DA:86,266
DA:86,266
BRDA:86,4,0,264
BRDA:86,4,1,266
DA:87,264
DA:87,264
DA:89,266
DA:89,266
DA:89,266
DA:92,266
DA:92,266
DA:92,266
DA:92,266
DA:93,266
DA:93,266
DA:93,266
DA:93,266
DA:93,3
DA:93,3
DA:94,3
DA:94,3
DA:94,3
DA:95,266
DA:95,266
BRDA:95,5,0,-
BRDA:95,5,1,266
DA:96,0
DA:96,0
DA:98,266
DA:98,266
DA:99,266
DA:99,266
DA:100,266
DA:100,266
DA:101,266
DA:101,266
FN:113,OracleHelper.calculatePrice
FNDA:260,OracleHelper.calculatePrice
DA:120,526
BRDA:120,6,0,1
BRDA:120,6,1,525
DA:122,1
DA:122,1
DA:125,525
DA:125,525
DA:128,526
BRDA:128,7,0,-
BRDA:128,7,1,526
DA:131,0
DA:131,0
DA:131,0
DA:131,0
DA:135,526
DA:135,526
DA:135,526
DA:135,526
FN:143,OracleHelper.fetchPrice
FNDA:530,OracleHelper.fetchPrice
DA:144,530
DA:144,530
DA:144,530
DA:145,530
DA:145,530
BRDA:145,8,0,-
BRDA:145,8,1,530
DA:146,530
DA:146,530
BRDA:146,9,0,-
BRDA:146,9,1,530
DA:147,530
DA:147,530
BRDA:147,10,0,-
BRDA:147,10,1,530
DA:148,530
DA:148,530
FNF:4
FNH:4
LF:40
LH:38
BRF:22
BRH:14
end_of_record
TN:
SF:src/utils/UniswapHelper.sol
FN:47,UniswapHelper._setUniswapHelperConfiguration
FNDA:260,UniswapHelper._setUniswapHelperConfiguration
DA:48,260
DA:48,260
FN:51,UniswapHelper._maybeSwapTokenToWeth
FNDA:1,UniswapHelper._maybeSwapTokenToWeth
DA:52,1
DA:52,1
DA:52,1
DA:53,1
DA:53,1
DA:53,1
DA:54,1
DA:54,1
BRDA:54,0,0,-
BRDA:54,0,1,1
DA:55,0
DA:55,0
DA:58,1
DA:58,1
DA:58,1
FN:63,UniswapHelper.addSlippage
FNDA:1,UniswapHelper.addSlippage
DA:64,1
DA:64,1
DA:64,1
DA:64,1
FN:67,UniswapHelper.tokenToWei
FNDA:1,UniswapHelper.tokenToWei
DA:68,2
DA:68,2
DA:68,2
DA:68,2
FN:71,UniswapHelper.weiToToken
FNDA:4,UniswapHelper.weiToToken
DA:72,535
DA:72,535
DA:72,535
DA:72,535
FN:75,UniswapHelper.unwrapWeth
FNDA:1,UniswapHelper.unwrapWeth
DA:76,1
DA:76,1
FN:80,UniswapHelper.swapToToken
FNDA:1,UniswapHelper.swapToToken
DA:84,1
DA:84,1
DA:84,1
DA:94,1
DA:94,1
FNF:7
FNH:7
LF:12
LH:11
BRF:2
BRH:1
end_of_record
TN:
SF:test/BaseSepoliaForkTest.sol
FN:12,BaseSepoliaForkTest.createAndSelectFork
FNDA:0,BaseSepoliaForkTest.createAndSelectFork
DA:13,0
DA:13,0
DA:14,0
DA:14,0
FNF:1
FNH:0
LF:2
LH:0
BRF:0
BRH:0
end_of_record
TN:
SF:test/BytesLib.sol
FN:12,BytesLib.concat
FNDA:0,BytesLib.concat
DA:13,0
DA:13,0
DA:18,0
DA:18,0
DA:50,0
DA:50,0
DA:55,0
DA:55,0
DA:58,0
DA:58,0
DA:79,0
DA:79,0
FN:82,BytesLib.concatStorage
FNDA:0,BytesLib.concatStorage
FN:212,BytesLib.slice
FNDA:0,BytesLib.slice
DA:213,0
DA:213,0
BRDA:213,0,0,-
BRDA:213,0,1,-
DA:214,0
DA:214,0
BRDA:214,1,0,-
BRDA:214,1,1,-
DA:216,0
DA:216,0
DA:268,0
DA:268,0
FN:271,BytesLib.toAddress
FNDA:0,BytesLib.toAddress
DA:272,0
DA:272,0
BRDA:272,2,0,-
BRDA:272,2,1,-
DA:273,0
DA:273,0
DA:276,0
DA:276,0
DA:279,0
DA:279,0
FN:282,BytesLib.toUint8
FNDA:0,BytesLib.toUint8
DA:283,0
DA:283,0
BRDA:283,3,0,-
BRDA:283,3,1,-
DA:284,0
DA:284,0
DA:287,0
DA:287,0
DA:290,0
DA:290,0
FN:293,BytesLib.toUint16
FNDA:0,BytesLib.toUint16
DA:294,0
DA:294,0
BRDA:294,4,0,-
BRDA:294,4,1,-
DA:295,0
DA:295,0
DA:298,0
DA:298,0
DA:301,0
DA:301,0
FN:304,BytesLib.toUint32
FNDA:0,BytesLib.toUint32
DA:305,0
DA:305,0
BRDA:305,5,0,-
BRDA:305,5,1,-
DA:306,0
DA:306,0
DA:309,0
DA:309,0
DA:312,0
DA:312,0
FN:315,BytesLib.toUint64
FNDA:0,BytesLib.toUint64
DA:316,0
DA:316,0
BRDA:316,6,0,-
BRDA:316,6,1,-
DA:317,0
DA:317,0
DA:320,0
DA:320,0
DA:323,0
DA:323,0
FN:326,BytesLib.toUint96
FNDA:0,BytesLib.toUint96
DA:327,0
DA:327,0
BRDA:327,7,0,-
BRDA:327,7,1,-
DA:328,0
DA:328,0
DA:331,0
DA:331,0
DA:334,0
DA:334,0
FN:337,BytesLib.toUint128
FNDA:0,BytesLib.toUint128
DA:338,0
DA:338,0
BRDA:338,8,0,-
BRDA:338,8,1,-
DA:339,0
DA:339,0
DA:342,0
DA:342,0
DA:345,0
DA:345,0
FN:348,BytesLib.toUint256
FNDA:0,BytesLib.toUint256
DA:349,0
DA:349,0
BRDA:349,9,0,-
BRDA:349,9,1,-
DA:350,0
DA:350,0
DA:353,0
DA:353,0
DA:356,0
DA:356,0
FN:359,BytesLib.toBytes32
FNDA:0,BytesLib.toBytes32
DA:360,0
DA:360,0
BRDA:360,10,0,-
BRDA:360,10,1,-
DA:361,0
DA:361,0
DA:364,0
DA:364,0
DA:367,0
DA:367,0
FN:370,BytesLib.equal
FNDA:0,BytesLib.equal
DA:371,0
DA:371,0
DA:409,0
DA:409,0
FN:412,BytesLib.equalStorage
FNDA:0,BytesLib.equalStorage
DA:413,0
DA:413,0
DA:474,0
DA:474,0
FNF:14
FNH:0
LF:50
LH:0
BRF:22
BRH:0
end_of_record
TN:
SF:test/TestOracle2.sol
FN:15,TestOracle2.setPrice
FNDA:272,TestOracle2.setPrice
DA:16,272
DA:16,272
FN:19,TestOracle2.setDecimals
FNDA:4,TestOracle2.setDecimals
DA:20,4
DA:20,4
FN:23,TestOracle2.decimals
FNDA:597,TestOracle2.decimals
DA:24,597
DA:24,597
FN:27,TestOracle2.latestRoundData
FNDA:602,TestOracle2.latestRoundData
DA:34,602
DA:34,602
FNF:4
FNH:4
LF:5
LH:4
BRF:0
BRH:0
end_of_record
TN:
SF:test/Utils.sol
FN:12,Utils.rawSignatureToSignature
FNDA:4,Utils.rawSignatureToSignature
DA:17,4
DA:17,4
DA:17,4
DA:18,4
DA:18,4
DA:18,4
DA:22,4
DA:22,4
DA:24,4
DA:24,4
DA:25,4
DA:25,4
DA:27,4
DA:27,4
DA:27,4
DA:28,4
DA:28,4
DA:30,4
DA:30,4
DA:30,4
FNF:1
FNH:1
LF:8
LH:8
BRF:0
BRH:0
end_of_record
TN:
SF:test/WebAuthnTest.sol
FN:16,WebAuthnTest.demoP256KeyPair
FNDA:0,WebAuthnTest.demoP256KeyPair
DA:17,0
DA:17,0
DA:17,0
FN:24,WebAuthnTest.signP256
FNDA:0,WebAuthnTest.signP256
DA:29,0
DA:29,0
DA:29,0
DA:30,0
DA:30,0
DA:30,0
DA:34,0
DA:34,0
DA:35,0
DA:35,0
DA:37,0
DA:37,0
DA:37,0
DA:38,0
DA:38,0
DA:40,0
DA:40,0
DA:42,0
DA:42,0
DA:42,0
DA:44,0
DA:44,0
DA:46,0
DA:46,0
FN:59,WebAuthnTest.normalizeP256S
FNDA:0,WebAuthnTest.normalizeP256S
DA:60,0
DA:60,0
DA:60,0
DA:61,0
DA:61,0
DA:61,0
DA:61,0
BRDA:61,0,0,-
BRDA:61,0,1,-
DA:62,0
DA:62,0
DA:64,0
DA:64,0
FNF:3
FNH:0
LF:15
LH:0
BRF:2
BRH:0
end_of_record
